app/build/intermediates/manifest_merge_blame_file/release/manifest-merger-blame-release-report.txt
1<?xml version="1.0" encoding="utf-8"?>
2<manifest xmlns:android="http://schemas.android.com/apk/res/android"
3    package="com.bignerdranch.android.lme"
4    android:versionCode="1"
5    android:versionName="1.0" >
6
7    <uses-sdk
8        android:minSdkVersion="16"
8-->src\main\AndroidManifest.xml
9        android:targetSdkVersion="30" />
9-->src\main\AndroidManifest.xml
10
11    <application
11-->src\main\AndroidManifest.xml:5:5-34:19
12        android:allowBackup="true"
12-->src\main\AndroidManifest.xml:6:9-35
13        android:appComponentFactory="androidx.core.app.CoreComponentFactory"
13-->[androidx.core:core:1.6.0] AndroidManifest.xml:24:18-86
14        android:icon="@mipmap/ic_launcher"
14-->src\main\AndroidManifest.xml:7:9-43
15        android:label="@string/app_name"
15-->src\main\AndroidManifest.xml:8:9-41
16        android:roundIcon="@mipmap/ic_launcher_round"
16-->src\main\AndroidManifest.xml:9:9-54
17        android:supportsRtl="true"
17-->src\main\AndroidManifest.xml:10:9-35
18        android:theme="@style/Theme.LME" >
18-->src\main\AndroidManifest.xml:11:9-41
19        <activity
19-->src\main\AndroidManifest.xml:12:9-14:39
20            android:name="com.bignerdranch.android.lme.RecommendedSchedulePage"
20-->src\main\AndroidManifest.xml:13:13-52
21            android:exported="true" />
21-->src\main\AndroidManifest.xml:14:13-36
22        <activity
22-->src\main\AndroidManifest.xml:15:9-17:39
23            android:name="com.bignerdranch.android.lme.MainActivity"
23-->src\main\AndroidManifest.xml:16:13-41
24            android:exported="true" />
24-->src\main\AndroidManifest.xml:17:13-36
25        <activity
25-->src\main\AndroidManifest.xml:18:9-20:39
26            android:name="com.bignerdranch.android.lme.AddMorePage"
26-->src\main\AndroidManifest.xml:19:13-40
27            android:exported="true" />
27-->src\main\AndroidManifest.xml:20:13-36
28        <activity
28-->src\main\AndroidManifest.xml:21:9-23:39
29            android:name="com.bignerdranch.android.lme.OtherAttributesPage"
29-->src\main\AndroidManifest.xml:22:13-48
30            android:exported="true" />
30-->src\main\AndroidManifest.xml:23:13-36
31        <activity
31-->src\main\AndroidManifest.xml:24:9-26:39
32            android:name="com.bignerdranch.android.lme.AssignmentAttributesPage"
32-->src\main\AndroidManifest.xml:25:13-53
33            android:exported="true" />
33-->src\main\AndroidManifest.xml:26:13-36
34        <activity android:name="com.bignerdranch.android.lme.TimeSchedulePage" >
34-->src\main\AndroidManifest.xml:27:9-33:20
34-->src\main\AndroidManifest.xml:27:19-51
35            <intent-filter>
35-->src\main\AndroidManifest.xml:28:13-32:29
36                <action android:name="android.intent.action.MAIN" />
36-->src\main\AndroidManifest.xml:29:17-69
36-->src\main\AndroidManifest.xml:29:25-66
37
38                <category android:name="android.intent.category.LAUNCHER" />
38-->src\main\AndroidManifest.xml:31:17-77
38-->src\main\AndroidManifest.xml:31:27-74
39            </intent-filter>
40        </activity>
41    </application>
42
43</manifest>